Started by upstream project "[8mha:////4DqqEEKAF8zNtZsg/x9aOoiuDq4ad7MPGWUDrwC6I2XuAAAAnx+LCAAAAAAAAP9b85aBtbiIQTGjNKU4P08vOT+vOD8nVc83PyU1x6OyILUoJzMv2y+/JJUBAhiZGBgqihhk0NSjKDWzXb3RdlLBUSYGJk8GtpzUvPSSDB8G5tKinBIGIZ+sxLJE/ZzEvHT94JKizLx0a6BxUmjGOUNodHsLgAyeEgYx/az8JP3y1KSU1DIwMzMvJbVCHwAWOF6WywAAAA==[0mwebdev/index" build number [8mha:////4A3iXS33K6vj1ec0JrhMz7tNWXDm0G73+0thM4xtC1dxAAAAnx+LCAAAAAAAAP9b85aBtbiIQTGjNKU4P08vOT+vOD8nVc83PyU1x6OyILUoJzMv2y+/JJUBAhiZGBgqihhk0NSjKDWzXb3RdlLBUSYGJk8GtpzUvPSSDB8G5tKinBIGIZ+sxLJE/ZzEvHT94JKizLx0a6BxUmjGOUNodHsLQIwSBnH9rPwk/fLUpJTUMjAzMy8ltULfEAB3x/Q7zAAAAA==[0m1
originally caused by:
 Started by user [8mha:////4OaAZWwgxEvLYja7E38eWQppF8zg49Ik+kqa96LV7+5DAAAAnB+LCAAAAAAAAP9b85aBtbiIQTGjNKU4P08vOT+vOD8nVc83PyU1x6OyILUoJzMv2y+/JJUBAhiZGBgqihhk0NSjKDWzXb3RdlLBUSYGJk8GtpzUvPSSDB8G5tKinBIGIZ+sxLJE/ZzEvHT94JKizLx0a6BxUmjGOUNodHsLgAyJEgYB/dLi1CL93Mz00tSc3Py8EgBBQjXqxQAAAA==[0mMIGUEL ANGEL MONT LUKACS
Running as SYSTEM
Building on the built-in node in workspace /var/lib/jenkins/workspace/backend/tomcat/tomcat
The recommended git tool is: NONE
No credentials specified
Cloning the remote Git repository
Cloning repository https://github.com/ACloudGuru-Resources/content-jenkinscert.git
 > git init /var/lib/jenkins/workspace/backend/tomcat/tomcat # timeout=10
Fetching upstream changes from https://github.com/ACloudGuru-Resources/content-jenkinscert.git
 > git --version # timeout=10
 > git --version # 'git version 1.8.3.1'
 > git fetch --tags --progress https://github.com/ACloudGuru-Resources/content-jenkinscert.git +refs/heads/*:refs/remotes/origin/* # timeout=10
 > git config remote.origin.url https://github.com/ACloudGuru-Resources/content-jenkinscert.git # timeout=10
 > git config --add remote.origin.fetch +refs/heads/*:refs/remotes/origin/* # timeout=10
Avoid second fetch
 > git rev-parse refs/remotes/origin/master^{commit} # timeout=10
Checking out Revision 635febf6a7ca43adbaef4d9f1b5240dad781af31 (refs/remotes/origin/master)
 > git config core.sparsecheckout # timeout=10
 > git checkout -f 635febf6a7ca43adbaef4d9f1b5240dad781af31 # timeout=10
Commit message: "Update pom.xml"
First time build. Skipping changelog.
Copied 1 artifact from "[8mha:////4ANYcambJsLGxsche1lw+NOhF132ox6b6wQBS0PsIRrpAAAAkx+LCAAAAAAAAP9b85aBtbiIQSajNKU4P08vOT+vOD8nVc+jsiC1KCczL9svvyTVzHb1RttJBUeZGJg8GdhyUvPSSzJ8GJhLi3JKGIR8shLLEvVzEvPS9YNLijLz0q0rihik0IxzhtAgwxgggJGJgaGiAMjgK2EQ08/KT9IvT01KSS0DMzPzUlIr9AFKgVuSmwAAAA==[0mwebdev Â» index" build number [8mha:////4CFKzApQOPI4jdOScK2OPr3mbAaGon8WO0xTII0ipZ6HAAAAlB+LCAAAAAAAAP9b85aBtbiIQSajNKU4P08vOT+vOD8nVc+jsiC1KCczL9svvyTVzHb1RttJBUeZGJg8GdhyUvPSSzJ8GJhLi3JKGIR8shLLEvVzEvPS9YNLijLz0q0rihik0IxzhtAgwxgggJGJgaGiAMQoYZDQz8pP0i9PTUpJLQMzM/NSUiv0DfUB3EoK8p0AAAA=[0m1
[tomcat] $ /var/lib/jenkins/tools/hudson.tasks.Maven_MavenInstallation/M3/bin/mvn clear package
[INFO] Scanning for projects...
[INFO] 
[INFO] -----------< com.codeagami.example:tomcatapplauncherexample >-----------
[INFO] Building tomcatLauncher Maven demo 1.0-SNAPSHOT
[INFO] --------------------------------[ jar ]---------------------------------
[INFO] ------------------------------------------------------------------------
[INFO] BUILD FAILURE
[INFO] ------------------------------------------------------------------------
[INFO] Total time:  0.121 s
[INFO] Finished at: 2022-10-31T01:15:16Z
[INFO] ------------------------------------------------------------------------
[8mha:////4BN+xVClN2TsLYdXKuqRqufI/yBAsgNLNNVvmm76mCGZAAAAYB+LCAAAAAAAAP9b85aBtbiIQSmjNKU4P0+vJLE4u1gvPjexLDVPzxdEuhYV5Rf55Zek1m9pfpLfVWLNxMBQUcQgBdWQnJ9XnJ+TqucMoUEKGSCAEaSwAABqVhoSYAAAAA==[0m[ERROR] Unknown lifecycle phase "clear". You must specify a valid lifecycle phase or a goal in the format <plugin-prefix>:<goal> or <plugin-group-id>:<plugin-artifact-id>[:<plugin-version>]:<goal>. Available lifecycle phases are: validate, initialize, generate-sources, process-sources, generate-resources, process-resources, compile, process-classes, generate-test-sources, process-test-sources, generate-test-resources, process-test-resources, test-compile, process-test-classes, test, prepare-package, package, pre-integration-test, integration-test, post-integration-test, verify, install, deploy, pre-clean, clean, post-clean, pre-site, site, post-site, site-deploy. -> [Help 1]
[8mha:////4BN+xVClN2TsLYdXKuqRqufI/yBAsgNLNNVvmm76mCGZAAAAYB+LCAAAAAAAAP9b85aBtbiIQSmjNKU4P0+vJLE4u1gvPjexLDVPzxdEuhYV5Rf55Zek1m9pfpLfVWLNxMBQUcQgBdWQnJ9XnJ+TqucMoUEKGSCAEaSwAABqVhoSYAAAAA==[0m[ERROR] 
[8mha:////4BN+xVClN2TsLYdXKuqRqufI/yBAsgNLNNVvmm76mCGZAAAAYB+LCAAAAAAAAP9b85aBtbiIQSmjNKU4P0+vJLE4u1gvPjexLDVPzxdEuhYV5Rf55Zek1m9pfpLfVWLNxMBQUcQgBdWQnJ9XnJ+TqucMoUEKGSCAEaSwAABqVhoSYAAAAA==[0m[ERROR] To see the full stack trace of the errors, re-run Maven with the -e switch.
[8mha:////4BN+xVClN2TsLYdXKuqRqufI/yBAsgNLNNVvmm76mCGZAAAAYB+LCAAAAAAAAP9b85aBtbiIQSmjNKU4P0+vJLE4u1gvPjexLDVPzxdEuhYV5Rf55Zek1m9pfpLfVWLNxMBQUcQgBdWQnJ9XnJ+TqucMoUEKGSCAEaSwAABqVhoSYAAAAA==[0m[ERROR] Re-run Maven using the -X switch to enable full debug logging.
[8mha:////4BN+xVClN2TsLYdXKuqRqufI/yBAsgNLNNVvmm76mCGZAAAAYB+LCAAAAAAAAP9b85aBtbiIQSmjNKU4P0+vJLE4u1gvPjexLDVPzxdEuhYV5Rf55Zek1m9pfpLfVWLNxMBQUcQgBdWQnJ9XnJ+TqucMoUEKGSCAEaSwAABqVhoSYAAAAA==[0m[ERROR] 
[8mha:////4BN+xVClN2TsLYdXKuqRqufI/yBAsgNLNNVvmm76mCGZAAAAYB+LCAAAAAAAAP9b85aBtbiIQSmjNKU4P0+vJLE4u1gvPjexLDVPzxdEuhYV5Rf55Zek1m9pfpLfVWLNxMBQUcQgBdWQnJ9XnJ+TqucMoUEKGSCAEaSwAABqVhoSYAAAAA==[0m[ERROR] For more information about the errors and possible solutions, please read the following articles:
[8mha:////4BN+xVClN2TsLYdXKuqRqufI/yBAsgNLNNVvmm76mCGZAAAAYB+LCAAAAAAAAP9b85aBtbiIQSmjNKU4P0+vJLE4u1gvPjexLDVPzxdEuhYV5Rf55Zek1m9pfpLfVWLNxMBQUcQgBdWQnJ9XnJ+TqucMoUEKGSCAEaSwAABqVhoSYAAAAA==[0m[ERROR] [Help 1] http://cwiki.apache.org/confluence/display/MAVEN/LifecyclePhaseNotFoundException
Build step 'Invoke top-level Maven targets' marked build as failure
Finished: FAILURE
